Running on nodes: lrdn1921
Arguments passed: 1
/leonardo/home/userexternal/cditulli/thesis
total 44
drwxr-xr-x 2 cditulli interactive 4096 Jun 12 15:23 checkpoints
-rw-r--r-- 1 cditulli interactive   47 Jun 12 15:53 clip_download.py
drwxr-xr-x 2 cditulli interactive 4096 Jun 12 15:23 logs
-rw-r--r-- 1 cditulli interactive    8 Jun 11 17:57 README.md
-rw-r--r-- 1 cditulli interactive  220 Jun 12 13:32 requirements.txt
drwxr-xr-x 2 cditulli interactive 4096 Jun 12 16:08 sout
drwxr-xr-x 2 cditulli interactive 4096 Jun 12 15:24 tb_logs
-rw-r--r-- 1 cditulli interactive  518 Jun 12 16:04 training1.sh
-rw-r--r-- 1 cditulli interactive 9461 Jun 12 16:04 training_clip_msi1.py
Traceback (most recent call last):
  File "/leonardo/prod/spack/5.2/install/0.21/linux-rhel8-icelake/gcc-8.5.0/anaconda3-2023.09-0-zcre7pfofz45c3btxpdk5zvcicdq5evx/bin/conda", line 12, in <module>
    from conda.cli import main
ModuleNotFoundError: No module named 'conda'
Traceback (most recent call last):
  File "/leonardo/home/userexternal/cditulli/thesis/training_clip_msi1.py", line 257, in <module>
    main()
  File "/leonardo/home/userexternal/cditulli/thesis/training_clip_msi1.py", line 238, in main
    logger_tb = TensorBoardLogger(tb_log_dir, name="clip-msi1-eurosat")
                ^^^^^^^^^^^^^^^^^^^^^^^^^^^^^^^^^^^^^^^^^^^^^^^^^^^^^^^
  File "/leonardo/home/userexternal/cditulli/.conda/envs/test_env/lib/python3.11/site-packages/lightning/pytorch/loggers/tensorboard.py", line 96, in __init__
    super().__init__(
  File "/leonardo/home/userexternal/cditulli/.conda/envs/test_env/lib/python3.11/site-packages/lightning/fabric/loggers/tensorboard.py", line 93, in __init__
    raise ModuleNotFoundError(
ModuleNotFoundError: Neither `tensorboard` nor `tensorboardX` is available. Try `pip install`ing either.
Requirement 'tensorboardX' not met. HINT: Try running `pip install -U 'tensorboardX'`
Requirement 'tensorboard' not met. HINT: Try running `pip install -U 'tensorboard'`
srun: error: lrdn1921: task 0: Exited with exit code 1
