Running on nodes: lrdn1382
Arguments passed: 1
/leonardo/home/userexternal/cditulli/thesis
total 28
-rw-r--r-- 1 cditulli interactive    8 Jun 11 17:57 README.md
-rw-r--r-- 1 cditulli interactive  220 Jun 12 13:32 requirements.txt
drwxr-xr-x 2 cditulli interactive 4096 Jun 12 13:03 sout
-rw-r--r-- 1 cditulli interactive  547 Jun 12 13:29 training1.sh
-rw-r--r-- 1 cditulli interactive 9410 Jun 12 11:48 training_clip_msi1.py
no change     /leonardo/prod/spack/5.2/install/0.21/linux-rhel8-icelake/gcc-8.5.0/anaconda3-2023.09-0-zcre7pfofz45c3btxpdk5zvcicdq5evx/condabin/conda
no change     /leonardo/prod/spack/5.2/install/0.21/linux-rhel8-icelake/gcc-8.5.0/anaconda3-2023.09-0-zcre7pfofz45c3btxpdk5zvcicdq5evx/bin/conda
no change     /leonardo/prod/spack/5.2/install/0.21/linux-rhel8-icelake/gcc-8.5.0/anaconda3-2023.09-0-zcre7pfofz45c3btxpdk5zvcicdq5evx/bin/conda-env
no change     /leonardo/prod/spack/5.2/install/0.21/linux-rhel8-icelake/gcc-8.5.0/anaconda3-2023.09-0-zcre7pfofz45c3btxpdk5zvcicdq5evx/bin/activate
no change     /leonardo/prod/spack/5.2/install/0.21/linux-rhel8-icelake/gcc-8.5.0/anaconda3-2023.09-0-zcre7pfofz45c3btxpdk5zvcicdq5evx/bin/deactivate
no change     /leonardo/prod/spack/5.2/install/0.21/linux-rhel8-icelake/gcc-8.5.0/anaconda3-2023.09-0-zcre7pfofz45c3btxpdk5zvcicdq5evx/etc/profile.d/conda.sh
no change     /leonardo/prod/spack/5.2/install/0.21/linux-rhel8-icelake/gcc-8.5.0/anaconda3-2023.09-0-zcre7pfofz45c3btxpdk5zvcicdq5evx/etc/fish/conf.d/conda.fish
no change     /leonardo/prod/spack/5.2/install/0.21/linux-rhel8-icelake/gcc-8.5.0/anaconda3-2023.09-0-zcre7pfofz45c3btxpdk5zvcicdq5evx/shell/condabin/Conda.psm1
no change     /leonardo/prod/spack/5.2/install/0.21/linux-rhel8-icelake/gcc-8.5.0/anaconda3-2023.09-0-zcre7pfofz45c3btxpdk5zvcicdq5evx/shell/condabin/conda-hook.ps1
no change     /leonardo/prod/spack/5.2/install/0.21/linux-rhel8-icelake/gcc-8.5.0/anaconda3-2023.09-0-zcre7pfofz45c3btxpdk5zvcicdq5evx/lib/python3.11/site-packages/xontrib/conda.xsh
no change     /leonardo/prod/spack/5.2/install/0.21/linux-rhel8-icelake/gcc-8.5.0/anaconda3-2023.09-0-zcre7pfofz45c3btxpdk5zvcicdq5evx/etc/profile.d/conda.csh
no change     /leonardo/home/userexternal/cditulli/.bashrc
No action taken.
Traceback (most recent call last):
  File "/leonardo/home/userexternal/cditulli/thesis/training_clip_msi1.py", line 16, in <module>
    import rasterio
ModuleNotFoundError: No module named 'rasterio'
srun: error: lrdn1382: task 0: Exited with exit code 1
